/u/horlavanasta/MasterProject/NNs/subject_model-SEResNet18_preprocessing-linear_task-AD_CN_norm-1_augmTrue-t-0
Resume training from checkpoint: False
{0: {'name': 'RandomNoise', 'params': {'mean': (-0.03, 0.03), 'std': (0, 0.01)}}, 1: {'name': 'RandomBiasField', 'params': {'coefficients': (0, 0.2), 'order': 1}}, 2: {'name': 'RandomGamma', 'params': {'log_gamma': (-0.15, 0.15)}}, 3: {'name': 'RandomAffine', 'params': {'degrees': (-4, 4), 'scales': (1.0, 1.0), 'isotropic': True, 'default_pad_value': 'mean'}}}
                                  
================================= 
Global information about the job: 
================================= 
  
Job owner: horlavanasta(42988)
Job name:  run_experiment.sh
Node list: co6012
Job start: Wed Apr 21 21:23:02 CEST 2021
Job end:   Thu Apr 22 05:20:55 CEST 2021
Work dir:  /cobra/u/horlavanasta/MasterProject/Code/ClinicaTools/AD-DL/clinicaaddl/scripts
Command:   /cobra/u/horlavanasta/MasterProject/Code/ClinicaTools/AD-DL/clinicaaddl/scripts/run_experiment.sh
  
  
  
==========================================================================================
Information on jobsteps (Note: MaxRSS/AveRSS is the maximum/average over all 
tasks of the per-task memory high-water marks; cf. "man sacct"): 
==========================================================================================
  
       JobID    JobName NNodes NTasks  NCPUS       MaxRSS       AveRSS    Elapsed ExitCode 
------------ ---------- ------ ------ ------ ------------ ------------ ---------- -------- 
3953715      run_exper+      1            80                             07:57:53      0:0 
3953715.0       python3      1      1      1     4220.11M     4220.11M   07:57:52      0:0 
  
Maximum memory per node: 4.3214 GB (defined as MaxRSS*Ntasks/NNodes)
CPU utilization: 15.3 %
     
