Resume training from checkpoint: False
                                  
================================= 
Global information about the job: 
================================= 
  
Job owner: horlavanasta(42988)
Job name:  run_experiment.sh
Node list: co6059
Job start: Wed Apr 21 17:07:15 CEST 2021
Job end:   Wed Apr 21 21:25:13 CEST 2021
Work dir:  /cobra/u/horlavanasta/MasterProject/Code/ClinicaTools/AD-DL/clinicaaddl/scripts
Command:   /cobra/u/horlavanasta/MasterProject/Code/ClinicaTools/AD-DL/clinicaaddl/scripts/run_experiment.sh
  
  
  
==========================================================================================
Information on jobsteps (Note: MaxRSS/AveRSS is the maximum/average over all 
tasks of the per-task memory high-water marks; cf. "man sacct"): 
==========================================================================================
  
       JobID    JobName NNodes NTasks  NCPUS       MaxRSS       AveRSS    Elapsed ExitCode 
------------ ---------- ------ ------ ------ ------------ ------------ ---------- -------- 
3952919      run_exper+      1            80                             04:17:58      0:0 
3952919.0       python3      1      1      1     6422.74M     6422.74M   04:17:56      0:0 
  
Maximum memory per node: 6.57688 GB (defined as MaxRSS*Ntasks/NNodes)
CPU utilization: 12.9 %
     
