Resume training from checkpoint: False
                                  
================================= 
Global information about the job: 
================================= 
  
Job owner: horlavanasta(42988)
Job name:  run_experiment.sh
Node list: co6043
Job start: Wed Apr 21 17:08:46 CEST 2021
Job end:   Wed Apr 21 21:25:31 CEST 2021
Work dir:  /cobra/u/horlavanasta/MasterProject/Code/ClinicaTools/AD-DL/clinicaaddl/scripts
Command:   /cobra/u/horlavanasta/MasterProject/Code/ClinicaTools/AD-DL/clinicaaddl/scripts/run_experiment.sh
  
  
  
==========================================================================================
Information on jobsteps (Note: MaxRSS/AveRSS is the maximum/average over all 
tasks of the per-task memory high-water marks; cf. "man sacct"): 
==========================================================================================
  
       JobID    JobName NNodes NTasks  NCPUS       MaxRSS       AveRSS    Elapsed ExitCode 
------------ ---------- ------ ------ ------ ------------ ------------ ---------- -------- 
3952921      run_exper+      1            80                             04:16:45      0:0 
3952921.0       python3      1      1      1     6696.48M     6696.48M   04:16:44      0:0 
  
Maximum memory per node: 6.8572 GB (defined as MaxRSS*Ntasks/NNodes)
CPU utilization: 12.0 %
     
