Resume training from checkpoint: False
                                  
================================= 
Global information about the job: 
================================= 
  
Job owner: horlavanasta(42988)
Job name:  run_experiment.sh
Node list: co6058
Job start: Wed Apr 21 16:55:14 CEST 2021
Job end:   Wed Apr 21 16:55:52 CEST 2021
Work dir:  /cobra/u/horlavanasta/MasterProject/Code/ClinicaTools/AD-DL/clinicaaddl/scripts
Command:   /cobra/u/horlavanasta/MasterProject/Code/ClinicaTools/AD-DL/clinicaaddl/scripts/run_experiment.sh
  
  
  
==========================================================================================
Information on jobsteps (Note: MaxRSS/AveRSS is the maximum/average over all 
tasks of the per-task memory high-water marks; cf. "man sacct"): 
==========================================================================================
  
       JobID    JobName NNodes NTasks  NCPUS       MaxRSS       AveRSS    Elapsed ExitCode 
------------ ---------- ------ ------ ------ ------------ ------------ ---------- -------- 
3952859      run_exper+      1            80                             00:00:38      1:0 
3952859.0       python3      1      1      1     5118.60M     5118.60M   00:00:37      1:0 
  
Maximum memory per node: 5.24144 GB (defined as MaxRSS*Ntasks/NNodes)
CPU utilization: 63.2 %
     
